<?xml version="1.0" encoding="UTF-8"?>
<!-- Generated by org.testng.reporters.JUnitXMLReporter -->
<testsuite hostname="HP" ignored="2" name="Test" tests="1" failures="0" timestamp="13 Feb 2019 07:09:35 GMT" time="0.045" errors="0">
  <testcase name="deleteUser" time="0.013" classname="tuesday.DemoE"/>
  <testcase name="createUser" time="0.0" classname="tuesday.DemoE">
    <ignored/>
  </testcase> <!-- createUser -->
  <testcase name="editUser" time="0.0" classname="tuesday.DemoE">
    <ignored/>
  </testcase> <!-- editUser -->
</testsuite> <!-- Test -->
